# JRE version: Java(TM) SE Runtime Environment (7.0_79-b15) (build 1.7.0_79-b15)
# Java VM: Java HotSpot(TM) 64-Bit Server VM (24.79-b02 mixed mode windows-amd64 compressed oops)
Heap
 PSYoungGen      total 172544K, used 39491K [0x00000000eaa80000, 0x00000000f8100000, 0x0000000100000000)
  eden space 134656K, 28% used [0x00000000eaa80000,0x00000000ed090cb0,0x00000000f2e00000)
  from space 37888K, 1% used [0x00000000f5c00000,0x00000000f5c80070,0x00000000f8100000)
  to   space 42496K, 0% used [0x00000000f2e00000,0x00000000f2e00000,0x00000000f5780000)
 ParOldGen       total 349696K, used 94597K [0x00000000c0000000, 0x00000000d5580000, 0x00000000eaa80000)
  object space 349696K, 27% used [0x00000000c0000000,0x00000000c5c615a0,0x00000000d5580000)
 PSPermGen       total 102400K, used 102292K [0x00000000b0000000, 0x00000000b6400000, 0x00000000c0000000)
  object space 102400K, 99% used [0x00000000b0000000,0x00000000b63e50d0,0x00000000b6400000)
GC Heap History (10 events):
Event: 4294.212 GC heap before
{Heap before GC invocations=24 (full 0):
 PSYoungGen      total 157696K, used 157373K [0x00000000eaa80000, 0x00000000f9f00000, 0x0000000100000000)
  eden space 152064K, 100% used [0x00000000eaa80000,0x00000000f3f00000,0x00000000f3f00000)
  from space 5632K, 94% used [0x00000000f4300000,0x00000000f482f430,0x00000000f4880000)
  to   space 49152K, 0% used [0x00000000f6f00000,0x00000000f6f00000,0x00000000f9f00000)
 ParOldGen       total 349696K, used 88138K [0x00000000c0000000, 0x00000000d5580000, 0x00000000eaa80000)
  object space 349696K, 25% used [0x00000000c0000000,0x00000000c5612ac0,0x00000000d5580000)
 PSPermGen       total 100864K, used 100726K [0x00000000b0000000, 0x00000000b6280000, 0x00000000c0000000)
  object space 100864K, 99% used [0x00000000b0000000,0x00000000b625d810,0x00000000b6280000)
Event: 4294.236 GC heap after
Heap after GC invocations=24 (full 0):
 PSYoungGen      total 195072K, used 24704K [0x00000000eaa80000, 0x00000000f9c80000, 0x0000000100000000)
  eden space 148480K, 0% used [0x00000000eaa80000,0x00000000eaa80000,0x00000000f3b80000)
  from space 46592K, 53% used [0x00000000f6f00000,0x00000000f87200c0,0x00000000f9c80000)
  to   space 49664K, 0% used [0x00000000f3b80000,0x00000000f3b80000,0x00000000f6c00000)
 ParOldGen       total 349696K, used 89448K [0x00000000c0000000, 0x00000000d5580000, 0x00000000eaa80000)
  object space 349696K, 25% used [0x00000000c0000000,0x00000000c575a010,0x00000000d5580000)
 PSPermGen       total 100864K, used 100726K [0x00000000b0000000, 0x00000000b6280000, 0x00000000c0000000)
  object space 100864K, 99% used [0x00000000b0000000,0x00000000b625d810,0x00000000b6280000)
}
Event: 4296.247 GC heap before
{Heap before GC invocations=25 (full 0):
 PSYoungGen      total 195072K, used 173184K [0x00000000eaa80000, 0x00000000f9c80000, 0x0000000100000000)
  eden space 148480K, 100% used [0x00000000eaa80000,0x00000000f3b80000,0x00000000f3b80000)
  from space 46592K, 53% used [0x00000000f6f00000,0x00000000f87200c0,0x00000000f9c80000)
  to   space 49664K, 0% used [0x00000000f3b80000,0x00000000f3b80000,0x00000000f6c00000)
 ParOldGen       total 349696K, used 89448K [0x00000000c0000000, 0x00000000d5580000, 0x00000000eaa80000)
  object space 349696K, 25% used [0x00000000c0000000,0x00000000c575a010,0x00000000d5580000)
 PSPermGen       total 101376K, used 101357K [0x00000000b0000000, 0x00000000b6300000, 0x00000000c0000000)
  object space 101376K, 99% used [0x00000000b0000000,0x00000000b62fb5f0,0x00000000b6300000)
Event: 4296.259 GC heap after
Heap after GC invocations=25 (full 0):
 PSYoungGen      total 151552K, used 6389K [0x00000000eaa80000, 0x00000000f9500000, 0x0000000100000000)
  eden space 144896K, 0% used [0x00000000eaa80000,0x00000000eaa80000,0x00000000f3800000)
  from space 6656K, 95% used [0x00000000f3b80000,0x00000000f41bd470,0x00000000f4200000)
  to   space 47616K, 0% used [0x00000000f6680000,0x00000000f6680000,0x00000000f9500000)
 ParOldGen       total 349696K, used 90589K [0x00000000c0000000, 0x00000000d5580000, 0x00000000eaa80000)
  object space 349696K, 25% used [0x00000000c0000000,0x00000000c58774d0,0x00000000d5580000)
 PSPermGen       total 101376K, used 101357K [0x00000000b0000000, 0x00000000b6300000, 0x00000000c0000000)
  object space 101376K, 99% used [0x00000000b0000000,0x00000000b62fb5f0,0x00000000b6300000)
}
Event: 4297.199 GC heap before
{Heap before GC invocations=26 (full 0):
 PSYoungGen      total 151552K, used 151285K [0x00000000eaa80000, 0x00000000f9500000, 0x0000000100000000)
  eden space 144896K, 100% used [0x00000000eaa80000,0x00000000f3800000,0x00000000f3800000)
  from space 6656K, 95% used [0x00000000f3b80000,0x00000000f41bd470,0x00000000f4200000)
  to   space 47616K, 0% used [0x00000000f6680000,0x00000000f6680000,0x00000000f9500000)
 ParOldGen       total 349696K, used 90589K [0x00000000c0000000, 0x00000000d5580000, 0x00000000eaa80000)
  object space 349696K, 25% used [0x00000000c0000000,0x00000000c58774d0,0x00000000d5580000)
 PSPermGen       total 101376K, used 101363K [0x00000000b0000000, 0x00000000b6300000, 0x00000000c0000000)
  object space 101376K, 99% used [0x00000000b0000000,0x00000000b62fcfd8,0x00000000b6300000)
Event: 4297.211 GC heap after
Heap after GC invocations=26 (full 0):
 PSYoungGen      total 181248K, used 5344K [0x00000000eaa80000, 0x00000000f8d80000, 0x0000000100000000)
  eden space 141312K, 0% used [0x00000000eaa80000,0x00000000eaa80000,0x00000000f3480000)
  from space 39936K, 13% used [0x00000000f6680000,0x00000000f6bb8020,0x00000000f8d80000)
  to   space 45568K, 0% used [0x00000000f3480000,0x00000000f3480000,0x00000000f6100000)
 ParOldGen       total 349696K, used 93229K [0x00000000c0000000, 0x00000000d5580000, 0x00000000eaa80000)
  object space 349696K, 26% used [0x00000000c0000000,0x00000000c5b0b4f0,0x00000000d5580000)
 PSPermGen       total 101376K, used 101363K [0x00000000b0000000, 0x00000000b6300000, 0x00000000c0000000)
  object space 101376K, 99% used [0x00000000b0000000,0x00000000b62fcfd8,0x00000000b6300000)
}
Event: 4301.364 GC heap before
{Heap before GC invocations=27 (full 0):
 PSYoungGen      total 181248K, used 146656K [0x00000000eaa80000, 0x00000000f8d80000, 0x0000000100000000)
  eden space 141312K, 100% used [0x00000000eaa80000,0x00000000f3480000,0x00000000f3480000)
  from space 39936K, 13% used [0x00000000f6680000,0x00000000f6bb8020,0x00000000f8d80000)
  to   space 45568K, 0% used [0x00000000f3480000,0x00000000f3480000,0x00000000f6100000)
 ParOldGen       total 349696K, used 93229K [0x00000000c0000000, 0x00000000d5580000, 0x00000000eaa80000)
  object space 349696K, 26% used [0x00000000c0000000,0x00000000c5b0b4f0,0x00000000d5580000)
 PSPermGen       total 102400K, used 102066K [0x00000000b0000000, 0x00000000b6400000, 0x00000000c0000000)
  object space 102400K, 99% used [0x00000000b0000000,0x00000000b63ac830,0x00000000b6400000)
Event: 4301.373 GC heap after
Heap after GC invocations=27 (full 0):
 PSYoungGen      total 143360K, used 5561K [0x00000000eaa80000, 0x00000000f8700000, 0x0000000100000000)
  eden space 137728K, 0% used [0x00000000eaa80000,0x00000000eaa80000,0x00000000f3100000)
  from space 5632K, 98% used [0x00000000f3480000,0x00000000f39ee430,0x00000000f3a00000)
  to   space 44032K, 0% used [0x00000000f5c00000,0x00000000f5c00000,0x00000000f8700000)
 ParOldGen       total 349696K, used 93277K [0x00000000c0000000, 0x00000000d5580000, 0x00000000eaa80000)
  object space 349696K, 26% used [0x00000000c0000000,0x00000000c5b174f0,0x00000000d5580000)
 PSPermGen       total 102400K, used 102066K [0x00000000b0000000, 0x00000000b6400000, 0x00000000c0000000)
  object space 102400K, 99% used [0x00000000b0000000,0x00000000b63ac830,0x00000000b6400000)
}
Event: 4932.206 GC heap before
{Heap before GC invocations=28 (full 0):
 PSYoungGen      total 143360K, used 143289K [0x00000000eaa80000, 0x00000000f8700000, 0x0000000100000000)
  eden space 137728K, 100% used [0x00000000eaa80000,0x00000000f3100000,0x00000000f3100000)
  from space 5632K, 98% used [0x00000000f3480000,0x00000000f39ee430,0x00000000f3a00000)
  to   space 44032K, 0% used [0x00000000f5c00000,0x00000000f5c00000,0x00000000f8700000)
 ParOldGen       total 349696K, used 93277K [0x00000000c0000000, 0x00000000d5580000, 0x00000000eaa80000)
  object space 349696K, 26% used [0x00000000c0000000,0x00000000c5b174f0,0x00000000d5580000)
 PSPermGen       total 102400K, used 102278K [0x00000000b0000000, 0x00000000b6400000, 0x00000000c0000000)
  object space 102400K, 99% used [0x00000000b0000000,0x00000000b63e1820,0x00000000b6400000)
Event: 4932.216 GC heap after
Heap after GC invocations=28 (full 0):
 PSYoungGen      total 172544K, used 512K [0x00000000eaa80000, 0x00000000f8100000, 0x0000000100000000)
  eden space 134656K, 0% used [0x00000000eaa80000,0x00000000eaa80000,0x00000000f2e00000)
  from space 37888K, 1% used [0x00000000f5c00000,0x00000000f5c80070,0x00000000f8100000)
  to   space 42496K, 0% used [0x00000000f2e00000,0x00000000f2e00000,0x00000000f5780000)
 ParOldGen       total 349696K, used 94597K [0x00000000c0000000, 0x00000000d5580000, 0x00000000eaa80000)
  object space 349696K, 27% used [0x00000000c0000000,0x00000000c5c615a0,0x00000000d5580000)
 PSPermGen       total 102400K, used 102278K [0x00000000b0000000, 0x00000000b6400000, 0x00000000c0000000)
  object space 102400K, 99% used [0x00000000b0000000,0x00000000b63e1820,0x00000000b6400000)
}

